# JRE version: Java(TM) SE Runtime Environment (8.0_51-b16) (build 1.8.0_51-b16)
# Java VM: Java HotSpot(TM) 64-Bit Server VM (25.51-b03 mixed mode windows-amd64 compressed oops)
Heap:
 PSYoungGen      total 3303424K, used 1494937K [0x00000006c0000000, 0x00000007c0000000, 0x00000007c0000000)
  eden space 2542080K, 37% used [0x00000006c0000000,0x00000006fa913d38,0x000000075b280000)
  from space 761344K, 70% used [0x000000075b280000,0x000000077bd52a38,0x0000000789a00000)
  to   space 808448K, 0% used [0x000000078ea80000,0x000000078ea80000,0x00000007c0000000)
 ParOldGen       total 2048512K, used 1366347K [0x00000004c0000000, 0x000000053d080000, 0x00000006c0000000)
  object space 2048512K, 66% used [0x00000004c0000000,0x0000000513652f00,0x000000053d080000)
 Metaspace       used 138340K, capacity 143140K, committed 143192K, reserved 1169408K
  class space    used 21546K, capacity 22856K, committed 22872K, reserved 1048576K
GC Heap History (10 events):
Event: 165.617 GC heap before
{Heap before GC invocations=34 (full 6):
 PSYoungGen      total 2700800K, used 322042K [0x00000006c0000000, 0x0000000796000000, 0x00000007c0000000)
  eden space 2378752K, 0% used [0x00000006c0000000,0x00000006c0000000,0x0000000751300000)
  from space 322048K, 99% used [0x000000076e500000,0x0000000781f7e8c0,0x0000000781f80000)
  to   space 477184K, 0% used [0x0000000751300000,0x0000000751300000,0x000000076e500000)
 ParOldGen       total 841728K, used 841293K [0x00000004c0000000, 0x00000004f3600000, 0x00000006c0000000)
  object space 841728K, 99% used [0x00000004c0000000,0x00000004f3593748,0x00000004f3600000)
 Metaspace       used 121286K, capacity 124398K, committed 124504K, reserved 1153024K
  class space    used 19075K, capacity 20046K, committed 20056K, reserved 1048576K
Event: 169.678 GC heap after
Heap after GC invocations=34 (full 6):
 PSYoungGen      total 2700800K, used 239757K [0x00000006c0000000, 0x0000000796000000, 0x00000007c0000000)
  eden space 2378752K, 0% used [0x00000006c0000000,0x00000006c0000000,0x0000000751300000)
  from space 322048K, 74% used [0x000000076e500000,0x000000077cf235c0,0x0000000781f80000)
  to   space 477184K, 0% used [0x0000000751300000,0x0000000751300000,0x000000076e500000)
 ParOldGen       total 1337856K, used 841683K [0x00000004c0000000, 0x0000000511a80000, 0x00000006c0000000)
  object space 1337856K, 62% used [0x00000004c0000000,0x00000004f35f4ce0,0x0000000511a80000)
 Metaspace       used 121286K, capacity 124398K, committed 124504K, reserved 1153024K
  class space    used 19075K, capacity 20046K, committed 20056K, reserved 1048576K
}
Event: 174.286 GC heap before
{Heap before GC invocations=35 (full 6):
 PSYoungGen      total 2700800K, used 2618509K [0x00000006c0000000, 0x0000000796000000, 0x00000007c0000000)
  eden space 2378752K, 100% used [0x00000006c0000000,0x0000000751300000,0x0000000751300000)
  from space 322048K, 74% used [0x000000076e500000,0x000000077cf235c0,0x0000000781f80000)
  to   space 477184K, 0% used [0x0000000751300000,0x0000000751300000,0x000000076e500000)
 ParOldGen       total 1337856K, used 841683K [0x00000004c0000000, 0x0000000511a80000, 0x00000006c0000000)
  object space 1337856K, 62% used [0x00000004c0000000,0x00000004f35f4ce0,0x0000000511a80000)
 Metaspace       used 122185K, capacity 125394K, committed 125400K, reserved 1155072K
  class space    used 19193K, capacity 20184K, committed 20184K, reserved 1048576K
Event: 174.842 GC heap after
Heap after GC invocations=35 (full 6):
 PSYoungGen      total 2855936K, used 477181K [0x00000006c0000000, 0x00000007bcd00000, 0x00000007c0000000)
  eden space 2378752K, 0% used [0x00000006c0000000,0x00000006c0000000,0x0000000751300000)
  from space 477184K, 99% used [0x0000000751300000,0x000000076e4ff570,0x000000076e500000)
  to   space 730112K, 0% used [0x0000000790400000,0x0000000790400000,0x00000007bcd00000)
 ParOldGen       total 1337856K, used 1308981K [0x00000004c0000000, 0x0000000511a80000, 0x00000006c0000000)
  object space 1337856K, 97% used [0x00000004c0000000,0x000000050fe4d660,0x0000000511a80000)
 Metaspace       used 122185K, capacity 125394K, committed 125400K, reserved 1155072K
  class space    used 19193K, capacity 20184K, committed 20184K, reserved 1048576K
}
Event: 174.842 GC heap before
{Heap before GC invocations=36 (full 7):
 PSYoungGen      total 2855936K, used 477181K [0x00000006c0000000, 0x00000007bcd00000, 0x00000007c0000000)
  eden space 2378752K, 0% used [0x00000006c0000000,0x00000006c0000000,0x0000000751300000)
  from space 477184K, 99% used [0x0000000751300000,0x000000076e4ff570,0x000000076e500000)
  to   space 730112K, 0% used [0x0000000790400000,0x0000000790400000,0x00000007bcd00000)
 ParOldGen       total 1337856K, used 1308981K [0x00000004c0000000, 0x0000000511a80000, 0x00000006c0000000)
  object space 1337856K, 97% used [0x00000004c0000000,0x000000050fe4d660,0x0000000511a80000)
 Metaspace       used 122185K, capacity 125394K, committed 125400K, reserved 1155072K
  class space    used 19193K, capacity 20184K, committed 20184K, reserved 1048576K
Event: 176.677 GC heap after
Heap after GC invocations=36 (full 7):
 PSYoungGen      total 2855936K, used 361488K [0x00000006c0000000, 0x00000007bcd00000, 0x00000007c0000000)
  eden space 2378752K, 0% used [0x00000006c0000000,0x00000006c0000000,0x0000000751300000)
  from space 477184K, 75% used [0x0000000751300000,0x0000000767404088,0x000000076e500000)
  to   space 730112K, 0% used [0x0000000790400000,0x0000000790400000,0x00000007bcd00000)
 ParOldGen       total 2048512K, used 1337800K [0x00000004c0000000, 0x000000053d080000, 0x00000006c0000000)
  object space 2048512K, 65% used [0x00000004c0000000,0x0000000511a723a8,0x000000053d080000)
 Metaspace       used 122185K, capacity 125394K, committed 125400K, reserved 1155072K
  class space    used 19193K, capacity 20184K, committed 20184K, reserved 1048576K
}
Event: 187.710 GC heap before
{Heap before GC invocations=37 (full 7):
 PSYoungGen      total 2855936K, used 2740240K [0x00000006c0000000, 0x00000007bcd00000, 0x00000007c0000000)
  eden space 2378752K, 100% used [0x00000006c0000000,0x0000000751300000,0x0000000751300000)
  from space 477184K, 75% used [0x0000000751300000,0x0000000767404088,0x000000076e500000)
  to   space 730112K, 0% used [0x0000000790400000,0x0000000790400000,0x00000007bcd00000)
 ParOldGen       total 2048512K, used 1337800K [0x00000004c0000000, 0x000000053d080000, 0x00000006c0000000)
  object space 2048512K, 65% used [0x00000004c0000000,0x0000000511a723a8,0x000000053d080000)
 Metaspace       used 126155K, capacity 129628K, committed 129880K, reserved 1159168K
  class space    used 19724K, capacity 20743K, committed 20824K, reserved 1048576K
Event: 188.155 GC heap after
Heap after GC invocations=37 (full 7):
 PSYoungGen      total 3194880K, used 470082K [0x00000006c0000000, 0x00000007b8180000, 0x00000007c0000000)
  eden space 2542080K, 0% used [0x00000006c0000000,0x00000006c0000000,0x000000075b280000)
  from space 652800K, 72% used [0x0000000790400000,0x00000007acf10958,0x00000007b8180000)
  to   space 761344K, 0% used [0x000000075b280000,0x000000075b280000,0x0000000789a00000)
 ParOldGen       total 2048512K, used 1366316K [0x00000004c0000000, 0x000000053d080000, 0x00000006c0000000)
  object space 2048512K, 66% used [0x00000004c0000000,0x000000051364b2a0,0x000000053d080000)
 Metaspace       used 126155K, capacity 129628K, committed 129880K, reserved 1159168K
  class space    used 19724K, capacity 20743K, committed 20824K, reserved 1048576K
}
Event: 205.068 GC heap before
{Heap before GC invocations=38 (full 7):
 PSYoungGen      total 3194880K, used 3012162K [0x00000006c0000000, 0x00000007b8180000, 0x00000007c0000000)
  eden space 2542080K, 100% used [0x00000006c0000000,0x000000075b280000,0x000000075b280000)
  from space 652800K, 72% used [0x0000000790400000,0x00000007acf10958,0x00000007b8180000)
  to   space 761344K, 0% used [0x000000075b280000,0x000000075b280000,0x0000000789a00000)
 ParOldGen       total 2048512K, used 1366316K [0x00000004c0000000, 0x000000053d080000, 0x00000006c0000000)
  object space 2048512K, 66% used [0x00000004c0000000,0x000000051364b2a0,0x000000053d080000)
 Metaspace       used 136876K, capacity 141454K, committed 141656K, reserved 1169408K
  class space    used 21343K, capacity 22565K, committed 22616K, reserved 1048576K
Event: 206.029 GC heap after
Heap after GC invocations=38 (full 7):
 PSYoungGen      total 3303424K, used 535370K [0x00000006c0000000, 0x00000007c0000000, 0x00000007c0000000)
  eden space 2542080K, 0% used [0x00000006c0000000,0x00000006c0000000,0x000000075b280000)
  from space 761344K, 70% used [0x000000075b280000,0x000000077bd52a38,0x0000000789a00000)
  to   space 808448K, 0% used [0x000000078ea80000,0x000000078ea80000,0x00000007c0000000)
 ParOldGen       total 2048512K, used 1366347K [0x00000004c0000000, 0x000000053d080000, 0x00000006c0000000)
  object space 2048512K, 66% used [0x00000004c0000000,0x0000000513652f00,0x000000053d080000)
 Metaspace       used 136876K, capacity 141454K, committed 141656K, reserved 1169408K
  class space    used 21343K, capacity 22565K, committed 22616K, reserved 1048576K
}

